
===================================================
 Date: Fri, 10 Apr 2020 01:53:43 +0100
 Error Number: 1146
 Error: Table 'u232.failedlogins' doesn't exist
 IP Address: ::1
 in file C:\xampp\htdocs\login.php on line 47
 URL:/login.php?returnto=%2F
 Username: []
===================================================
 Date: Fri, 10 Apr 2020 01:53:46 +0100
 Error Number: 1146
 Error: Table 'u232.failedlogins' doesn't exist
 IP Address: ::1
 in file C:\xampp\htdocs\login.php on line 47
 URL:/login.php?returnto=%2F
 Username: []
===================================================
 Date: Fri, 10 Apr 2020 19:05:31 +0100
 Error Number: 1064
 Error: You have an error in your SQL syntax; check the manual that corresponds to your MariaDB server version for the right syntax to use near '>= first AND  <= last' at line 1
 IP Address: ::1
 in file C:\xampp\htdocs\admin\usersearch.php on line 765
 URL:/staffpanel.php?tool=usersearch
 Username: iseeyoucopy[1]
===================================================
 Date: Fri, 10 Apr 2020 19:06:04 +0100
 Error Number: 1064
 Error: You have an error in your SQL syntax; check the manual that corresponds to your MariaDB server version for the right syntax to use near '>= first AND  <= last' at line 1
 IP Address: ::1
 in file C:\xampp\htdocs\admin\usersearch.php on line 765
 URL:/staffpanel.php?tool=usersearch
 Username: iseeyoucopy[1]
===================================================
 Date: Fri, 10 Apr 2020 19:07:21 +0100
 Error Number: 1064
 Error: You have an error in your SQL syntax; check the manual that corresponds to your MariaDB server version for the right syntax to use near '>= first AND  <= last' at line 1
 IP Address: ::1
 in file C:\xampp\htdocs\admin\usersearch.php on line 765
 URL:/staffpanel.php?tool=usersearch
 Username: iseeyoucopy[1]
===================================================
 Date: Fri, 10 Apr 2020 19:07:22 +0100
 Error Number: 1064
 Error: You have an error in your SQL syntax; check the manual that corresponds to your MariaDB server version for the right syntax to use near '>= first AND  <= last' at line 1
 IP Address: ::1
 in file C:\xampp\htdocs\admin\usersearch.php on line 765
 URL:/staffpanel.php?tool=usersearch
 Username: iseeyoucopy[1]
===================================================
 Date: Fri, 10 Apr 2020 19:07:22 +0100
 Error Number: 1064
 Error: You have an error in your SQL syntax; check the manual that corresponds to your MariaDB server version for the right syntax to use near '>= first AND  <= last' at line 1
 IP Address: ::1
 in file C:\xampp\htdocs\admin\usersearch.php on line 765
 URL:/staffpanel.php?tool=usersearch
 Username: iseeyoucopy[1]
===================================================
 Date: Fri, 10 Apr 2020 19:07:22 +0100
 Error Number: 1064
 Error: You have an error in your SQL syntax; check the manual that corresponds to your MariaDB server version for the right syntax to use near '>= first AND  <= last' at line 1
 IP Address: ::1
 in file C:\xampp\htdocs\admin\usersearch.php on line 765
 URL:/staffpanel.php?tool=usersearch
 Username: iseeyoucopy[1]
===================================================
 Date: Fri, 10 Apr 2020 19:07:22 +0100
 Error Number: 1064
 Error: You have an error in your SQL syntax; check the manual that corresponds to your MariaDB server version for the right syntax to use near '>= first AND  <= last' at line 1
 IP Address: ::1
 in file C:\xampp\htdocs\admin\usersearch.php on line 765
 URL:/staffpanel.php?tool=usersearch
 Username: iseeyoucopy[1]
===================================================
 Date: Fri, 10 Apr 2020 19:07:22 +0100
 Error Number: 1064
 Error: You have an error in your SQL syntax; check the manual that corresponds to your MariaDB server version for the right syntax to use near '>= first AND  <= last' at line 1
 IP Address: ::1
 in file C:\xampp\htdocs\admin\usersearch.php on line 765
 URL:/staffpanel.php?tool=usersearch
 Username: iseeyoucopy[1]
===================================================
 Date: Fri, 17 Apr 2020 00:25:09 +0100
 Error Number: 1146
 Error: Table 'u232.xbt_files_users' doesn't exist
 IP Address: 5.81.45.1
 in file /var/www/html/include/cleanup/karma_update.php on line 33
 URL:/auto_shout_scroll_get.php
 Username: iseeyoucopy[1]
===================================================
 Date: Fri, 17 Apr 2020 00:58:06 +0100
 Error Number: 1146
 Error: Table 'u232.xbt_files_users' doesn't exist
 IP Address: 45.22.64.111
 in file /var/www/html/include/cleanup/karma_update.php on line 33
 URL:/auto_shout_scroll_get.php
 Username: darkalchemy [15]
===================================================
 Date: Fri, 17 Apr 2020 01:29:29 +0100
 Error Number: 1146
 Error: Table 'u232.xbt_files_users' doesn't exist
 IP Address: 45.22.64.111
 in file /var/www/html/include/cleanup/karma_update.php on line 33
 URL:/auto_shout_scroll_get.php
 Username: darkalchemy [15]
===================================================
 Date: Fri, 17 Apr 2020 02:02:25 +0100
 Error Number: 1146
 Error: Table 'u232.xbt_files_users' doesn't exist
 IP Address: 45.22.64.111
 in file /var/www/html/include/cleanup/karma_update.php on line 33
 URL:/auto_shout_scroll_get.php
 Username: darkalchemy [15]
===================================================
 Date: Fri, 17 Apr 2020 02:32:25 +0100
 Error Number: 1146
 Error: Table 'u232.xbt_files_users' doesn't exist
 IP Address: 45.22.64.111
 in file /var/www/html/include/cleanup/karma_update.php on line 33
 URL:/auto_shout_scroll_get.php
 Username: darkalchemy [15]
===================================================
 Date: Fri, 17 Apr 2020 03:05:10 +0100
 Error Number: 1146
 Error: Table 'u232.xbt_files_users' doesn't exist
 IP Address: 45.22.64.111
 in file /var/www/html/include/cleanup/karma_update.php on line 33
 URL:/auto_shout_scroll_get.php
 Username: darkalchemy [15]
===================================================
 Date: Fri, 17 Apr 2020 03:36:29 +0100
 Error Number: 1146
 Error: Table 'u232.xbt_files_users' doesn't exist
 IP Address: 45.22.64.111
 in file /var/www/html/include/cleanup/karma_update.php on line 33
 URL:/auto_shout_scroll_get.php
 Username: darkalchemy [15]
===================================================
 Date: Fri, 17 Apr 2020 04:07:47 +0100
 Error Number: 1146
 Error: Table 'u232.xbt_files_users' doesn't exist
 IP Address: 45.22.64.111
 in file /var/www/html/include/cleanup/karma_update.php on line 33
 URL:/auto_shout_scroll_get.php
 Username: darkalchemy [15]
===================================================
 Date: Fri, 17 Apr 2020 04:39:04 +0100
 Error Number: 1146
 Error: Table 'u232.xbt_files_users' doesn't exist
 IP Address: 45.22.64.111
 in file /var/www/html/include/cleanup/karma_update.php on line 33
 URL:/auto_shout_scroll_get.php
 Username: darkalchemy [15]
===================================================
 Date: Fri, 17 Apr 2020 05:10:17 +0100
 Error Number: 1146
 Error: Table 'u232.xbt_files_users' doesn't exist
 IP Address: 45.22.64.111
 in file /var/www/html/include/cleanup/karma_update.php on line 33
 URL:/auto_shout_scroll_get.php
 Username: darkalchemy [15]
===================================================
 Date: Fri, 17 Apr 2020 05:41:32 +0100
 Error Number: 1146
 Error: Table 'u232.xbt_files_users' doesn't exist
 IP Address: 45.22.64.111
 in file /var/www/html/include/cleanup/karma_update.php on line 33
 URL:/auto_shout_scroll_get.php
 Username: darkalchemy [15]
===================================================
 Date: Fri, 17 Apr 2020 06:12:48 +0100
 Error Number: 1146
 Error: Table 'u232.xbt_files_users' doesn't exist
 IP Address: 45.22.64.111
 in file /var/www/html/include/cleanup/karma_update.php on line 33
 URL:/auto_shout_scroll_get.php
 Username: darkalchemy [15]
===================================================
 Date: Fri, 17 Apr 2020 06:44:05 +0100
 Error Number: 1146
 Error: Table 'u232.xbt_files_users' doesn't exist
 IP Address: 45.22.64.111
 in file /var/www/html/include/cleanup/karma_update.php on line 33
 URL:/auto_shout_scroll_get.php
 Username: darkalchemy [15]
===================================================
 Date: Fri, 17 Apr 2020 07:15:28 +0100
 Error Number: 1146
 Error: Table 'u232.xbt_files_users' doesn't exist
 IP Address: 45.22.64.111
 in file /var/www/html/include/cleanup/karma_update.php on line 33
 URL:/auto_shout_scroll_get.php
 Username: darkalchemy [15]
===================================================
 Date: Fri, 17 Apr 2020 07:46:56 +0100
 Error Number: 1146
 Error: Table 'u232.xbt_files_users' doesn't exist
 IP Address: 45.22.64.111
 in file /var/www/html/include/cleanup/karma_update.php on line 33
 URL:/auto_shout_scroll_get.php
 Username: darkalchemy [15]
===================================================
 Date: Fri, 17 Apr 2020 08:19:38 +0100
 Error Number: 1146
 Error: Table 'u232.xbt_files_users' doesn't exist
 IP Address: 45.22.64.111
 in file /var/www/html/include/cleanup/karma_update.php on line 33
 URL:/auto_shout_scroll_get.php
 Username: darkalchemy [15]
===================================================
 Date: Fri, 17 Apr 2020 08:49:41 +0100
 Error Number: 1146
 Error: Table 'u232.xbt_files_users' doesn't exist
 IP Address: 5.81.45.1
 in file /var/www/html/include/cleanup/karma_update.php on line 33
 URL:/
 Username: iseeyoucopy[1]
===================================================
 Date: Fri, 17 Apr 2020 09:20:45 +0100
 Error Number: 1146
 Error: Table 'u232.xbt_files_users' doesn't exist
 IP Address: 45.22.64.111
 in file /var/www/html/include/cleanup/karma_update.php on line 33
 URL:/auto_shout_scroll_get.php
 Username: darkalchemy [15]
===================================================
 Date: Fri, 17 Apr 2020 09:51:45 +0100
 Error Number: 1146
 Error: Table 'u232.xbt_files_users' doesn't exist
 IP Address: 5.81.45.1
 in file /var/www/html/include/cleanup/karma_update.php on line 33
 URL:/auto_shout_scroll_get.php
 Username: iseeyoucopy[1]
===================================================
 Date: Fri, 17 Apr 2020 10:21:56 +0100
 Error Number: 1146
 Error: Table 'u232.xbt_files_users' doesn't exist
 IP Address: 45.22.64.111
 in file /var/www/html/include/cleanup/karma_update.php on line 33
 URL:/auto_shout_scroll_get.php
 Username: darkalchemy [15]
===================================================
 Date: Fri, 17 Apr 2020 10:53:07 +0100
 Error Number: 1146
 Error: Table 'u232.xbt_files_users' doesn't exist
 IP Address: 5.81.45.1
 in file /var/www/html/include/cleanup/karma_update.php on line 33
 URL:/index.php
 Username: iseeyoucopy[1]
===================================================
 Date: Fri, 17 Apr 2020 11:23:21 +0100
 Error Number: 1146
 Error: Table 'u232.xbt_files_users' doesn't exist
 IP Address: 45.22.64.111
 in file /var/www/html/include/cleanup/karma_update.php on line 33
 URL:/auto_shout_scroll_get.php
 Username: darkalchemy [15]
===================================================
 Date: Fri, 17 Apr 2020 11:53:43 +0100
 Error Number: 1146
 Error: Table 'u232.xbt_files_users' doesn't exist
 IP Address: 5.81.45.1
 in file /var/www/html/include/cleanup/karma_update.php on line 33
 URL:/page.php?tool=bookmarks
 Username: iseeyoucopy[1]
===================================================
 Date: Fri, 17 Apr 2020 12:24:47 +0100
 Error Number: 1146
 Error: Table 'u232.xbt_files_users' doesn't exist
 IP Address: 45.22.64.111
 in file /var/www/html/include/cleanup/karma_update.php on line 33
 URL:/auto_shout_scroll_get.php
 Username: darkalchemy [15]
===================================================
 Date: Fri, 17 Apr 2020 12:54:57 +0100
 Error Number: 1146
 Error: Table 'u232.xbt_files_users' doesn't exist
 IP Address: 45.22.64.111
 in file /var/www/html/include/cleanup/karma_update.php on line 33
 URL:/auto_shout_scroll_get.php
 Username: darkalchemy [15]
===================================================
 Date: Fri, 17 Apr 2020 13:25:40 +0100
 Error Number: 1146
 Error: Table 'u232.xbt_files_users' doesn't exist
 IP Address: 5.81.45.1
 in file /var/www/html/include/cleanup/karma_update.php on line 33
 URL:/auto_shout_scroll_get.php
 Username: iseeyoucopy[1]
===================================================
 Date: Fri, 17 Apr 2020 13:57:55 +0100
 Error Number: 1146
 Error: Table 'u232.xbt_files_users' doesn't exist
 IP Address: 5.81.45.1
 in file /var/www/html/include/cleanup/karma_update.php on line 33
 URL:/auto_shout_scroll.php
 Username: iseeyoucopy[1]
===================================================
 Date: Fri, 17 Apr 2020 14:34:47 +0100
 Error Number: 1146
 Error: Table 'u232.xbt_files_users' doesn't exist
 IP Address: 5.81.45.1
 in file /var/www/html/include/cleanup/karma_update.php on line 33
 URL:/index.php?page=home
 Username: iseeyoucopy[1]
===================================================
 Date: Fri, 17 Apr 2020 15:05:41 +0100
 Error Number: 1146
 Error: Table 'u232.xbt_files_users' doesn't exist
 IP Address: 5.81.45.1
 in file /var/www/html/include/cleanup/karma_update.php on line 33
 URL:/index.php?page=login
 Username: []
===================================================
 Date: Fri, 17 Apr 2020 15:36:02 +0100
 Error Number: 1146
 Error: Table 'u232.xbt_files_users' doesn't exist
 IP Address: 5.81.45.1
 in file /var/www/html/include/cleanup/karma_update.php on line 33
 URL:/index.php?page=login
 Username: []
===================================================
 Date: Fri, 17 Apr 2020 16:27:26 +0100
 Error Number: 1146
 Error: Table 'u232.xbt_files_users' doesn't exist
 IP Address: 5.81.45.1
 in file /var/www/html/include/cleanup/karma_update.php on line 33
 URL:/index.php?page=home
 Username: iseeyoucopy[1]
===================================================
 Date: Fri, 17 Apr 2020 17:00:32 +0100
 Error Number: 1146
 Error: Table 'u232.xbt_files_users' doesn't exist
 IP Address: 5.81.45.1
 in file /var/www/html/include/cleanup/karma_update.php on line 33
 URL:/
 Username: []
===================================================
 Date: Fri, 17 Apr 2020 18:19:01 +0100
 Error Number: 1146
 Error: Table 'u232.xbt_files_users' doesn't exist
 IP Address: 5.81.45.1
 in file /var/www/html/include/cleanup/karma_update.php on line 33
 URL:/index.php?page=home
 Username: iseeyoucopy[1]
===================================================
 Date: Fri, 17 Apr 2020 18:31:48 +0100
 Error Number: 0
 Error: 
 IP Address: 5.81.45.1
 in file /var/www/html/details.php on line 142
 URL:/details.php?id=1
 Username: iseeyoucopy[1]
===================================================
 Date: Fri, 17 Apr 2020 18:32:45 +0100
 Error Number: 0
 Error: 
 IP Address: 5.81.45.1
 in file /var/www/html/details.php on line 143
 URL:/details.php?id=1
 Username: iseeyoucopy[1]
===================================================
 Date: Fri, 17 Apr 2020 18:32:48 +0100
 Error Number: 0
 Error: 
 IP Address: 5.81.45.1
 in file /var/www/html/details.php on line 143
 URL:/details.php?id=1
 Username: iseeyoucopy[1]
===================================================
 Date: Fri, 17 Apr 2020 18:49:55 +0100
 Error Number: 1146
 Error: Table 'u232.xbt_files_users' doesn't exist
 IP Address: 5.81.45.1
 in file /var/www/html/include/cleanup/karma_update.php on line 33
 URL:/index.php
 Username: iseeyoucopy[1]
===================================================
 Date: Fri, 17 Apr 2020 19:07:07 +0100
 Error Number: 1146
 Error: Table 'u232.xbt_files_users' doesn't exist
 IP Address: 5.81.45.1
 in file /var/www/html/include/cleanup/inactive_update.php on line 32
 URL:/auto_shout_scroll_get.php
 Username: iseeyoucopy[1]
===================================================
 Date: Fri, 17 Apr 2020 19:24:19 +0100
 Error Number: 1146
 Error: Table 'u232.xbt_files_users' doesn't exist
 IP Address: 5.81.45.1
 in file /var/www/html/include/cleanup/karma_update.php on line 33
 URL:/auto_shout_scroll_get.php
 Username: iseeyoucopy[1]
===================================================
 Date: Fri, 17 Apr 2020 19:54:19 +0100
 Error Number: 1146
 Error: Table 'u232.xbt_files_users' doesn't exist
 IP Address: 5.81.45.1
 in file /var/www/html/include/cleanup/karma_update.php on line 33
 URL:/auto_shout_scroll_get.php
 Username: iseeyoucopy[1]
===================================================
 Date: Fri, 17 Apr 2020 20:25:04 +0100
 Error Number: 1146
 Error: Table 'u232.xbt_files_users' doesn't exist
 IP Address: 45.22.64.111
 in file /var/www/html/include/cleanup/karma_update.php on line 33
 URL:/auto_shout_scroll_get.php
 Username: darkalchemy [15]
===================================================
 Date: Fri, 17 Apr 2020 20:59:04 +0100
 Error Number: 1146
 Error: Table 'u232.xbt_files_users' doesn't exist
 IP Address: 45.22.64.111
 in file /var/www/html/include/cleanup/karma_update.php on line 33
 URL:/auto_shout_scroll_get.php
 Username: darkalchemy [15]
===================================================
 Date: Fri, 17 Apr 2020 21:39:01 +0100
 Error Number: 1146
 Error: Table 'u232.xbt_files_users' doesn't exist
 IP Address: 5.81.45.1
 in file /var/www/html/include/cleanup/karma_update.php on line 33
 URL:/
 Username: iseeyoucopy[1]
===================================================
 Date: Fri, 17 Apr 2020 22:09:54 +0100
 Error Number: 1146
 Error: Table 'u232.xbt_files_users' doesn't exist
 IP Address: 45.22.64.111
 in file /var/www/html/include/cleanup/karma_update.php on line 33
 URL:/auto_shout_scroll_get.php
 Username: darkalchemy [15]
===================================================
 Date: Fri, 17 Apr 2020 22:41:04 +0100
 Error Number: 1146
 Error: Table 'u232.xbt_files_users' doesn't exist
 IP Address: 45.22.64.111
 in file /var/www/html/include/cleanup/karma_update.php on line 33
 URL:/auto_shout_scroll_get.php
 Username: darkalchemy [15]
===================================================
 Date: Fri, 17 Apr 2020 23:12:14 +0100
 Error Number: 1146
 Error: Table 'u232.xbt_files_users' doesn't exist
 IP Address: 45.22.64.111
 in file /var/www/html/include/cleanup/karma_update.php on line 33
 URL:/auto_shout_scroll_get.php
 Username: darkalchemy [15]
===================================================
 Date: Fri, 17 Apr 2020 23:43:24 +0100
 Error Number: 1146
 Error: Table 'u232.xbt_files_users' doesn't exist
 IP Address: 45.22.64.111
 in file /var/www/html/include/cleanup/karma_update.php on line 33
 URL:/auto_shout_scroll_get.php
 Username: darkalchemy [15]