
===================================================
 Date: Fri, 01 May 2020 00:28:04 +0100
 Error Number: 1364
 Error: Field 'added' doesn't have a default value
 IP Address: 78.87.84.204
 in file /var/www/html1/include/cleanup/irc_update.php on line 50
 URL:/auto_shout_scroll_get.php
 Username: stonebreath[850]
===================================================
 Date: Fri, 01 May 2020 00:59:12 +0100
 Error Number: 1364
 Error: Field 'added' doesn't have a default value
 IP Address: 86.136.75.246
 in file /var/www/html1/include/cleanup/irc_update.php on line 50
 URL:/auto_shout_scroll_get.php
 Username: iseeyoucopy[1]
===================================================
 Date: Fri, 01 May 2020 01:30:27 +0100
 Error Number: 1364
 Error: Field 'added' doesn't have a default value
 IP Address: 86.136.75.246
 in file /var/www/html1/include/cleanup/irc_update.php on line 50
 URL:/auto_shout_scroll_get.php
 Username: iseeyoucopy[1]
===================================================
 Date: Fri, 01 May 2020 02:02:06 +0100
 Error Number: 1364
 Error: Field 'added' doesn't have a default value
 IP Address: 86.136.75.246
 in file /var/www/html1/include/cleanup/irc_update.php on line 50
 URL:/auto_shout_scroll_get.php
 Username: iseeyoucopy[1]
===================================================
 Date: Fri, 01 May 2020 02:33:35 +0100
 Error Number: 1364
 Error: Field 'added' doesn't have a default value
 IP Address: 86.136.75.246
 in file /var/www/html1/include/cleanup/irc_update.php on line 50
 URL:/auto_shout_scroll_get.php
 Username: iseeyoucopy[1]
===================================================
 Date: Fri, 01 May 2020 03:05:04 +0100
 Error Number: 1364
 Error: Field 'added' doesn't have a default value
 IP Address: 86.136.75.246
 in file /var/www/html1/include/cleanup/irc_update.php on line 50
 URL:/auto_shout_scroll_get.php
 Username: iseeyoucopy[1]
===================================================
 Date: Fri, 01 May 2020 03:35:06 +0100
 Error Number: 1364
 Error: Field 'added' doesn't have a default value
 IP Address: 86.136.75.246
 in file /var/www/html1/include/cleanup/irc_update.php on line 50
 URL:/auto_shout_scroll_get.php
 Username: iseeyoucopy[1]
===================================================
 Date: Fri, 01 May 2020 04:06:31 +0100
 Error Number: 1364
 Error: Field 'added' doesn't have a default value
 IP Address: 86.136.75.246
 in file /var/www/html1/include/cleanup/irc_update.php on line 50
 URL:/auto_shout_scroll_get.php
 Username: iseeyoucopy[1]
===================================================
 Date: Fri, 01 May 2020 04:37:58 +0100
 Error Number: 1364
 Error: Field 'added' doesn't have a default value
 IP Address: 86.136.75.246
 in file /var/www/html1/include/cleanup/irc_update.php on line 50
 URL:/auto_shout_scroll_get.php
 Username: iseeyoucopy[1]
===================================================
 Date: Fri, 01 May 2020 05:09:26 +0100
 Error Number: 1364
 Error: Field 'added' doesn't have a default value
 IP Address: 86.136.75.246
 in file /var/www/html1/include/cleanup/irc_update.php on line 50
 URL:/auto_shout_scroll_get.php
 Username: iseeyoucopy[1]
===================================================
 Date: Fri, 01 May 2020 05:40:49 +0100
 Error Number: 1364
 Error: Field 'added' doesn't have a default value
 IP Address: 86.136.75.246
 in file /var/www/html1/include/cleanup/irc_update.php on line 50
 URL:/auto_shout_scroll_get.php
 Username: iseeyoucopy[1]
===================================================
 Date: Fri, 01 May 2020 06:12:14 +0100
 Error Number: 1364
 Error: Field 'added' doesn't have a default value
 IP Address: 86.136.75.246
 in file /var/www/html1/include/cleanup/irc_update.php on line 50
 URL:/auto_shout_scroll_get.php
 Username: iseeyoucopy[1]
===================================================
 Date: Fri, 01 May 2020 06:43:41 +0100
 Error Number: 1364
 Error: Field 'added' doesn't have a default value
 IP Address: 86.136.75.246
 in file /var/www/html1/include/cleanup/irc_update.php on line 50
 URL:/auto_shout_scroll_get.php
 Username: iseeyoucopy[1]
===================================================
 Date: Fri, 01 May 2020 07:15:08 +0100
 Error Number: 1364
 Error: Field 'added' doesn't have a default value
 IP Address: 86.136.75.246
 in file /var/www/html1/include/cleanup/irc_update.php on line 50
 URL:/auto_shout_scroll_get.php
 Username: iseeyoucopy[1]
===================================================
 Date: Fri, 01 May 2020 07:45:09 +0100
 Error Number: 1364
 Error: Field 'added' doesn't have a default value
 IP Address: 86.136.75.246
 in file /var/www/html1/include/cleanup/irc_update.php on line 50
 URL:/auto_shout_scroll_get.php
 Username: iseeyoucopy[1]
===================================================
 Date: Fri, 01 May 2020 08:15:36 +0100
 Error Number: 1364
 Error: Field 'added' doesn't have a default value
 IP Address: 86.136.75.246
 in file /var/www/html1/include/cleanup/irc_update.php on line 50
 URL:/index.php
 Username: iseeyoucopy[1]
===================================================
 Date: Fri, 01 May 2020 08:46:18 +0100
 Error Number: 1364
 Error: Field 'added' doesn't have a default value
 IP Address: 82.18.15.59
 in file /var/www/html1/include/cleanup/irc_update.php on line 50
 URL:/auto_shout_scroll_get.php
 Username: Rich[18]
===================================================
 Date: Fri, 01 May 2020 09:16:32 +0100
 Error Number: 1364
 Error: Field 'added' doesn't have a default value
 IP Address: 86.136.75.246
 in file /var/www/html1/include/cleanup/irc_update.php on line 50
 URL:/auto_shout_scroll.php
 Username: iseeyoucopy[1]
===================================================
 Date: Fri, 01 May 2020 09:46:39 +0100
 Error Number: 1364
 Error: Field 'added' doesn't have a default value
 IP Address: 73.79.230.197
 in file /var/www/html1/include/cleanup/irc_update.php on line 50
 URL:/auto_shout_scroll_get.php
 Username: antimidas[1823]
===================================================
 Date: Fri, 01 May 2020 10:16:43 +0100
 Error Number: 1364
 Error: Field 'added' doesn't have a default value
 IP Address: 31.171.152.236
 in file /var/www/html1/include/cleanup/irc_update.php on line 50
 URL:/auto_shout_scroll.php
 Username: iseeyoucopy[1]
===================================================
 Date: Fri, 01 May 2020 10:46:43 +0100
 Error Number: 1364
 Error: Field 'added' doesn't have a default value
 IP Address: 86.136.75.246
 in file /var/www/html1/include/cleanup/irc_update.php on line 50
 URL:/auto_shout_scroll.php
 Username: iseeyoucopy[1]
===================================================
 Date: Fri, 01 May 2020 11:17:06 +0100
 Error Number: 1364
 Error: Field 'added' doesn't have a default value
 IP Address: 86.136.75.246
 in file /var/www/html1/include/cleanup/irc_update.php on line 50
 URL:/auto_shout_scroll.php
 Username: iseeyoucopy[1]
===================================================
 Date: Fri, 01 May 2020 11:47:16 +0100
 Error Number: 1364
 Error: Field 'added' doesn't have a default value
 IP Address: 86.136.75.246
 in file /var/www/html1/include/cleanup/irc_update.php on line 50
 URL:/auto_shout_scroll.php
 Username: iseeyoucopy[1]
===================================================
 Date: Fri, 01 May 2020 12:17:39 +0100
 Error Number: 1364
 Error: Field 'added' doesn't have a default value
 IP Address: 86.136.75.246
 in file /var/www/html1/include/cleanup/irc_update.php on line 50
 URL:/auto_shout_scroll_get.php
 Username: iseeyoucopy[1]
===================================================
 Date: Fri, 01 May 2020 12:47:59 +0100
 Error Number: 1364
 Error: Field 'added' doesn't have a default value
 IP Address: 86.136.75.246
 in file /var/www/html1/include/cleanup/irc_update.php on line 50
 URL:/auto_shout_scroll_get.php
 Username: iseeyoucopy[1]
===================================================
 Date: Fri, 01 May 2020 12:55:02 +0100
 Error Number: 1146
 Error: Table 'u232.xbt_files_users' doesn't exist
 IP Address: 86.136.75.246
 in file /var/www/html1/include/cleanup/inactive_update.php on line 32
 URL:/auto_shout_scroll_get.php
 Username: iseeyoucopy[1]
===================================================
 Date: Fri, 01 May 2020 13:18:02 +0100
 Error Number: 1364
 Error: Field 'added' doesn't have a default value
 IP Address: 86.136.75.246
 in file /var/www/html1/include/cleanup/irc_update.php on line 50
 URL:/auto_shout_scroll_get.php
 Username: iseeyoucopy[1]
===================================================
 Date: Fri, 01 May 2020 13:48:15 +0100
 Error Number: 1364
 Error: Field 'added' doesn't have a default value
 IP Address: 86.136.75.246
 in file /var/www/html1/include/cleanup/irc_update.php on line 50
 URL:/auto_shout_scroll_get.php
 Username: iseeyoucopy[1]
===================================================
 Date: Fri, 01 May 2020 14:18:18 +0100
 Error Number: 1364
 Error: Field 'added' doesn't have a default value
 IP Address: 86.136.75.246
 in file /var/www/html1/include/cleanup/irc_update.php on line 50
 URL:/auto_shout_scroll_get.php
 Username: iseeyoucopy[1]
===================================================
 Date: Fri, 01 May 2020 14:48:23 +0100
 Error Number: 1364
 Error: Field 'added' doesn't have a default value
 IP Address: 81.132.187.81
 in file /var/www/html1/include/cleanup/irc_update.php on line 50
 URL:/auto_shout_scroll_get.php
 Username: iseeyoucopy[1]
===================================================
 Date: Fri, 01 May 2020 14:52:17 +0100
 Error Number: 1146
 Error: Table 'u232.subcategory' doesn't exist
 IP Address: 81.132.187.81
 in file /var/www/html1/browse.php on line 323
 URL:/browse.php
 Username: iseeyoucopy[1]
===================================================
 Date: Fri, 01 May 2020 14:52:18 +0100
 Error Number: 1146
 Error: Table 'u232.subcategory' doesn't exist
 IP Address: 81.132.187.81
 in file /var/www/html1/browse.php on line 323
 URL:/browse.php
 Username: iseeyoucopy[1]
===================================================
 Date: Fri, 01 May 2020 14:52:18 +0100
 Error Number: 1146
 Error: Table 'u232.subcategory' doesn't exist
 IP Address: 81.132.187.81
 in file /var/www/html1/browse.php on line 323
 URL:/browse.php
 Username: iseeyoucopy[1]
===================================================
 Date: Fri, 01 May 2020 15:18:23 +0100
 Error Number: 1364
 Error: Field 'added' doesn't have a default value
 IP Address: 178.159.37.88
 in file /var/www/html1/include/cleanup/irc_update.php on line 50
 URL:/
 Username: []
===================================================
 Date: Fri, 01 May 2020 15:48:52 +0100
 Error Number: 1364
 Error: Field 'added' doesn't have a default value
 IP Address: 81.132.187.81
 in file /var/www/html1/include/cleanup/irc_update.php on line 50
 URL:/auto_shout_scroll_get.php
 Username: iseeyoucopy[1]
===================================================
 Date: Fri, 01 May 2020 16:18:58 +0100
 Error Number: 1364
 Error: Field 'added' doesn't have a default value
 IP Address: 81.132.187.81
 in file /var/www/html1/include/cleanup/irc_update.php on line 50
 URL:/auto_shout_scroll_get.php
 Username: iseeyoucopy[1]
===================================================
 Date: Fri, 01 May 2020 16:49:09 +0100
 Error Number: 1364
 Error: Field 'added' doesn't have a default value
 IP Address: 81.132.187.81
 in file /var/www/html1/include/cleanup/irc_update.php on line 50
 URL:/auto_shout_scroll.php
 Username: iseeyoucopy[1]
===================================================
 Date: Fri, 01 May 2020 17:19:18 +0100
 Error Number: 1364
 Error: Field 'added' doesn't have a default value
 IP Address: 81.132.187.81
 in file /var/www/html1/include/cleanup/irc_update.php on line 50
 URL:/auto_shout_scroll_get.php
 Username: iseeyoucopy[1]
===================================================
 Date: Fri, 01 May 2020 17:19:50 +0100
 Error Number: 1146
 Error: Table 'u232.xbt_files_users' doesn't exist
 IP Address: 81.132.187.81
 in file /var/www/html1/snatches_xbt.php on line 45
 URL:/snatches_xbt.php?id=2
 Username: iseeyoucopy[1]
===================================================
 Date: Fri, 01 May 2020 17:20:35 +0100
 Error Number: 1054
 Error: Unknown column 'fid' in 'field list'
 IP Address: 81.132.187.81
 in file /var/www/html1/snatches_xbt.php on line 45
 URL:/snatches_xbt.php?id=2
 Username: iseeyoucopy[1]
===================================================
 Date: Fri, 01 May 2020 17:20:36 +0100
 Error Number: 1054
 Error: Unknown column 'fid' in 'field list'
 IP Address: 81.132.187.81
 in file /var/www/html1/snatches_xbt.php on line 45
 URL:/snatches_xbt.php?id=2
 Username: iseeyoucopy[1]
===================================================
 Date: Fri, 01 May 2020 17:49:37 +0100
 Error Number: 1364
 Error: Field 'added' doesn't have a default value
 IP Address: 81.132.187.81
 in file /var/www/html1/include/cleanup/irc_update.php on line 50
 URL:/auto_shout_scroll_get.php
 Username: iseeyoucopy[1]
===================================================
 Date: Fri, 01 May 2020 18:19:38 +0100
 Error Number: 1364
 Error: Field 'added' doesn't have a default value
 IP Address: 81.132.187.81
 in file /var/www/html1/include/cleanup/irc_update.php on line 50
 URL:/index.php
 Username: iseeyoucopy[1]
===================================================
 Date: Fri, 01 May 2020 18:49:46 +0100
 Error Number: 1364
 Error: Field 'added' doesn't have a default value
 IP Address: 73.79.229.17
 in file /var/www/html1/include/cleanup/irc_update.php on line 50
 URL:/auto_shout_scroll_get.php
 Username: []
===================================================
 Date: Fri, 01 May 2020 19:20:14 +0100
 Error Number: 1364
 Error: Field 'added' doesn't have a default value
 IP Address: 81.132.187.81
 in file /var/www/html1/include/cleanup/irc_update.php on line 50
 URL:/auto_shout_scroll_get.php
 Username: []
===================================================
 Date: Fri, 01 May 2020 19:50:20 +0100
 Error Number: 1364
 Error: Field 'added' doesn't have a default value
 IP Address: 81.132.187.81
 in file /var/www/html1/include/cleanup/irc_update.php on line 50
 URL:/auto_shout_scroll_get.php
 Username: []
===================================================
 Date: Fri, 01 May 2020 20:20:26 +0100
 Error Number: 1364
 Error: Field 'added' doesn't have a default value
 IP Address: 81.132.187.81
 in file /var/www/html1/include/cleanup/irc_update.php on line 50
 URL:/auto_shout_scroll_get.php
 Username: []
===================================================
 Date: Fri, 01 May 2020 20:50:36 +0100
 Error Number: 1364
 Error: Field 'added' doesn't have a default value
 IP Address: 37.229.204.155
 in file /var/www/html1/include/cleanup/irc_update.php on line 50
 URL:/
 Username: []
===================================================
 Date: Fri, 01 May 2020 21:04:52 +0100
 Error Number: 1364
 Error: Field 'added' doesn't have a default value
 IP Address: 81.132.187.81
 in file /var/www/html1/include/cleanup/birthday_update.php on line 49
 URL:/auto_shout_scroll_get.php
 Username: []
===================================================
 Date: Fri, 01 May 2020 21:20:43 +0100
 Error Number: 1364
 Error: Field 'added' doesn't have a default value
 IP Address: 81.132.187.81
 in file /var/www/html1/include/cleanup/irc_update.php on line 50
 URL:/auto_shout_scroll_get.php
 Username: iseeyoucopy[1]
===================================================
 Date: Fri, 01 May 2020 21:50:44 +0100
 Error Number: 1364
 Error: Field 'added' doesn't have a default value
 IP Address: 81.132.187.81
 in file /var/www/html1/include/cleanup/irc_update.php on line 50
 URL:/auto_shout_scroll_get.php
 Username: []
===================================================
 Date: Fri, 01 May 2020 22:20:50 +0100
 Error Number: 1364
 Error: Field 'added' doesn't have a default value
 IP Address: 81.132.187.81
 in file /var/www/html1/include/cleanup/irc_update.php on line 50
 URL:/auto_shout_scroll_get.php
 Username: []
===================================================
 Date: Fri, 01 May 2020 22:50:56 +0100
 Error Number: 1364
 Error: Field 'added' doesn't have a default value
 IP Address: 81.132.187.81
 in file /var/www/html1/include/cleanup/irc_update.php on line 50
 URL:/auto_shout_scroll_get.php
 Username: []
===================================================
 Date: Fri, 01 May 2020 23:21:02 +0100
 Error Number: 1364
 Error: Field 'added' doesn't have a default value
 IP Address: 81.132.187.81
 in file /var/www/html1/include/cleanup/irc_update.php on line 50
 URL:/auto_shout_scroll_get.php
 Username: []
===================================================
 Date: Fri, 01 May 2020 23:51:08 +0100
 Error Number: 1364
 Error: Field 'added' doesn't have a default value
 IP Address: 81.132.187.81
 in file /var/www/html1/include/cleanup/irc_update.php on line 50
 URL:/auto_shout_scroll_get.php
 Username: []
===================================================
 Date: Fri, 08 May 2020 13:27:45 +0100
 Error Number: 1146
 Error: Table 'u232.xbt_files_users' doesn't exist
 IP Address: 86.165.56.28
 in file /var/www/html1/include/cleanup/inactive_update.php on line 32
 URL:/auto_shout_scroll_get.php
 Username: iseeyoucopy[1]
===================================================
 Date: Fri, 08 May 2020 16:43:45 +0100
 Error Number: 1146
 Error: Table 'u232.xbt_files_users' doesn't exist
 IP Address: 86.165.56.28
 in file 402 on line /var/www/html1/templates/1/template.php
 URL:/index.php
 Username: iseeyoucopy[1]
===================================================
 Date: Fri, 08 May 2020 16:43:46 +0100
 Error Number: 1146
 Error: Table 'u232.xbt_files_users' doesn't exist
 IP Address: 86.165.56.28
 in file 402 on line /var/www/html1/templates/1/template.php
 URL:/index.php
 Username: iseeyoucopy[1]