
===================================================
 Date: Thu, 16 Apr 2020 00:14:56 +0100
 Error Number: 1146
 Error: Table 'u232.xbt_files_users' doesn't exist
 IP Address: 5.81.45.1
 in file /var/www/html/include/cleanup/karma_update.php on line 33
 URL:/auto_shout_scroll_get.php
 Username: iseeyoucopy[1]
===================================================
 Date: Thu, 16 Apr 2020 00:45:02 +0100
 Error Number: 1146
 Error: Table 'u232.xbt_files_users' doesn't exist
 IP Address: 5.81.45.1
 in file /var/www/html/include/cleanup/karma_update.php on line 33
 URL:/auto_shout_scroll_get.php
 Username: iseeyoucopy[1]
===================================================
 Date: Thu, 16 Apr 2020 01:15:02 +0100
 Error Number: 1146
 Error: Table 'u232.xbt_files_users' doesn't exist
 IP Address: 5.81.45.1
 in file /var/www/html/include/cleanup/karma_update.php on line 33
 URL:/auto_shout_scroll_get.php
 Username: iseeyoucopy[1]
===================================================
 Date: Thu, 16 Apr 2020 01:45:05 +0100
 Error Number: 1146
 Error: Table 'u232.xbt_files_users' doesn't exist
 IP Address: 5.81.45.1
 in file /var/www/html/include/cleanup/karma_update.php on line 33
 URL:/auto_shout_scroll_get.php
 Username: iseeyoucopy[1]
===================================================
 Date: Thu, 16 Apr 2020 02:17:08 +0100
 Error Number: 1146
 Error: Table 'u232.xbt_files_users' doesn't exist
 IP Address: 45.22.64.111
 in file /var/www/html/include/cleanup/karma_update.php on line 33
 URL:/auto_shout_scroll_get.php
 Username: darkalchemy [15]
===================================================
 Date: Thu, 16 Apr 2020 02:49:59 +0100
 Error Number: 1146
 Error: Table 'u232.xbt_files_users' doesn't exist
 IP Address: 45.22.64.111
 in file /var/www/html/include/cleanup/karma_update.php on line 33
 URL:/auto_shout_scroll_get.php
 Username: darkalchemy [15]
===================================================
 Date: Thu, 16 Apr 2020 03:20:01 +0100
 Error Number: 1146
 Error: Table 'u232.xbt_files_users' doesn't exist
 IP Address: 45.22.64.111
 in file /var/www/html/include/cleanup/karma_update.php on line 33
 URL:/auto_shout_scroll_get.php
 Username: darkalchemy [15]
===================================================
 Date: Thu, 16 Apr 2020 03:52:42 +0100
 Error Number: 1146
 Error: Table 'u232.xbt_files_users' doesn't exist
 IP Address: 45.22.64.111
 in file /var/www/html/include/cleanup/karma_update.php on line 33
 URL:/auto_shout_scroll_get.php
 Username: darkalchemy [15]
===================================================
 Date: Thu, 16 Apr 2020 04:25:37 +0100
 Error Number: 1146
 Error: Table 'u232.xbt_files_users' doesn't exist
 IP Address: 45.22.64.111
 in file /var/www/html/include/cleanup/karma_update.php on line 33
 URL:/auto_shout_scroll_get.php
 Username: darkalchemy [15]
===================================================
 Date: Thu, 16 Apr 2020 04:58:29 +0100
 Error Number: 1146
 Error: Table 'u232.xbt_files_users' doesn't exist
 IP Address: 45.22.64.111
 in file /var/www/html/include/cleanup/karma_update.php on line 33
 URL:/auto_shout_scroll_get.php
 Username: darkalchemy [15]
===================================================
 Date: Thu, 16 Apr 2020 05:28:30 +0100
 Error Number: 1146
 Error: Table 'u232.xbt_files_users' doesn't exist
 IP Address: 45.22.64.111
 in file /var/www/html/include/cleanup/karma_update.php on line 33
 URL:/auto_shout_scroll_get.php
 Username: darkalchemy [15]
===================================================
 Date: Thu, 16 Apr 2020 06:01:20 +0100
 Error Number: 1146
 Error: Table 'u232.xbt_files_users' doesn't exist
 IP Address: 45.22.64.111
 in file /var/www/html/include/cleanup/karma_update.php on line 33
 URL:/auto_shout_scroll_get.php
 Username: darkalchemy [15]
===================================================
 Date: Thu, 16 Apr 2020 06:31:22 +0100
 Error Number: 1146
 Error: Table 'u232.xbt_files_users' doesn't exist
 IP Address: 45.22.64.111
 in file /var/www/html/include/cleanup/karma_update.php on line 33
 URL:/auto_shout_scroll_get.php
 Username: darkalchemy [15]
===================================================
 Date: Thu, 16 Apr 2020 07:02:47 +0100
 Error Number: 1146
 Error: Table 'u232.xbt_files_users' doesn't exist
 IP Address: 45.22.64.111
 in file /var/www/html/include/cleanup/karma_update.php on line 33
 URL:/auto_shout_scroll_get.php
 Username: darkalchemy [15]
===================================================
 Date: Thu, 16 Apr 2020 07:34:15 +0100
 Error Number: 1146
 Error: Table 'u232.xbt_files_users' doesn't exist
 IP Address: 45.22.64.111
 in file /var/www/html/include/cleanup/karma_update.php on line 33
 URL:/auto_shout_scroll_get.php
 Username: darkalchemy [15]
===================================================
 Date: Thu, 16 Apr 2020 08:05:40 +0100
 Error Number: 1146
 Error: Table 'u232.xbt_files_users' doesn't exist
 IP Address: 45.22.64.111
 in file /var/www/html/include/cleanup/karma_update.php on line 33
 URL:/auto_shout_scroll_get.php
 Username: darkalchemy [15]
===================================================
 Date: Thu, 16 Apr 2020 08:37:04 +0100
 Error Number: 1146
 Error: Table 'u232.xbt_files_users' doesn't exist
 IP Address: 45.22.64.111
 in file /var/www/html/include/cleanup/karma_update.php on line 33
 URL:/auto_shout_scroll_get.php
 Username: darkalchemy [15]
===================================================
 Date: Thu, 16 Apr 2020 09:07:05 +0100
 Error Number: 1146
 Error: Table 'u232.xbt_files_users' doesn't exist
 IP Address: 45.22.64.111
 in file /var/www/html/include/cleanup/karma_update.php on line 33
 URL:/auto_shout_scroll_get.php
 Username: darkalchemy [15]
===================================================
 Date: Thu, 16 Apr 2020 09:38:30 +0100
 Error Number: 1146
 Error: Table 'u232.xbt_files_users' doesn't exist
 IP Address: 45.22.64.111
 in file /var/www/html/include/cleanup/karma_update.php on line 33
 URL:/auto_shout_scroll_get.php
 Username: darkalchemy [15]
===================================================
 Date: Thu, 16 Apr 2020 10:08:34 +0100
 Error Number: 1146
 Error: Table 'u232.xbt_files_users' doesn't exist
 IP Address: 45.22.64.111
 in file /var/www/html/include/cleanup/karma_update.php on line 33
 URL:/auto_shout_scroll_get.php
 Username: darkalchemy [15]
===================================================
 Date: Thu, 16 Apr 2020 10:38:37 +0100
 Error Number: 1146
 Error: Table 'u232.xbt_files_users' doesn't exist
 IP Address: 45.22.64.111
 in file /var/www/html/include/cleanup/karma_update.php on line 33
 URL:/auto_shout_scroll_get.php
 Username: darkalchemy [15]
===================================================
 Date: Thu, 16 Apr 2020 11:08:39 +0100
 Error Number: 1146
 Error: Table 'u232.xbt_files_users' doesn't exist
 IP Address: 45.22.64.111
 in file /var/www/html/include/cleanup/karma_update.php on line 33
 URL:/auto_shout_scroll_get.php
 Username: darkalchemy [15]
===================================================
 Date: Thu, 16 Apr 2020 11:39:10 +0100
 Error Number: 1146
 Error: Table 'u232.xbt_files_users' doesn't exist
 IP Address: 5.81.45.1
 in file /var/www/html/include/cleanup/karma_update.php on line 33
 URL:/auto_shout_scroll_get.php
 Username: iseeyoucopy[1]
===================================================
 Date: Thu, 16 Apr 2020 12:09:45 +0100
 Error Number: 1146
 Error: Table 'u232.xbt_files_users' doesn't exist
 IP Address: 5.81.45.1
 in file /var/www/html/include/cleanup/karma_update.php on line 33
 URL:/auto_shout_scroll_get.php
 Username: iseeyoucopy[1]
===================================================
 Date: Thu, 16 Apr 2020 12:40:08 +0100
 Error Number: 1146
 Error: Table 'u232.xbt_files_users' doesn't exist
 IP Address: 45.22.64.111
 in file /var/www/html/include/cleanup/karma_update.php on line 33
 URL:/auto_shout_scroll_get.php
 Username: darkalchemy [15]
===================================================
 Date: Thu, 16 Apr 2020 13:10:14 +0100
 Error Number: 1146
 Error: Table 'u232.xbt_files_users' doesn't exist
 IP Address: 5.81.45.1
 in file /var/www/html/include/cleanup/karma_update.php on line 33
 URL:/auto_shout_scroll_get.php
 Username: iseeyoucopy[1]
===================================================
 Date: Thu, 16 Apr 2020 13:40:19 +0100
 Error Number: 1146
 Error: Table 'u232.xbt_files_users' doesn't exist
 IP Address: 5.81.45.1
 in file /var/www/html/include/cleanup/karma_update.php on line 33
 URL:/auto_shout_scroll_get.php
 Username: iseeyoucopy[1]
===================================================
 Date: Thu, 16 Apr 2020 14:10:24 +0100
 Error Number: 1146
 Error: Table 'u232.xbt_files_users' doesn't exist
 IP Address: 5.81.45.1
 in file /var/www/html/include/cleanup/karma_update.php on line 33
 URL:/index.php
 Username: iseeyoucopy[1]
===================================================
 Date: Thu, 16 Apr 2020 14:40:44 +0100
 Error Number: 1146
 Error: Table 'u232.xbt_files_users' doesn't exist
 IP Address: 5.81.45.1
 in file /var/www/html/include/cleanup/karma_update.php on line 33
 URL:/
 Username: iseeyoucopy[1]
===================================================
 Date: Thu, 16 Apr 2020 15:11:53 +0100
 Error Number: 1146
 Error: Table 'u232.xbt_files_users' doesn't exist
 IP Address: 45.22.64.111
 in file /var/www/html/include/cleanup/karma_update.php on line 33
 URL:/auto_shout_scroll_get.php
 Username: darkalchemy [15]
===================================================
 Date: Thu, 16 Apr 2020 15:43:04 +0100
 Error Number: 1146
 Error: Table 'u232.xbt_files_users' doesn't exist
 IP Address: 45.22.64.111
 in file /var/www/html/include/cleanup/karma_update.php on line 33
 URL:/auto_shout_scroll_get.php
 Username: darkalchemy [15]
===================================================
 Date: Thu, 16 Apr 2020 16:13:42 +0100
 Error Number: 1146
 Error: Table 'u232.xbt_files_users' doesn't exist
 IP Address: 45.22.64.111
 in file /var/www/html/include/cleanup/karma_update.php on line 33
 URL:/auto_shout_scroll_get.php
 Username: darkalchemy [15]
===================================================
 Date: Thu, 16 Apr 2020 16:43:50 +0100
 Error Number: 1146
 Error: Table 'u232.xbt_files_users' doesn't exist
 IP Address: 5.81.45.1
 in file /var/www/html/include/cleanup/karma_update.php on line 33
 URL:/
 Username: []
===================================================
 Date: Thu, 16 Apr 2020 17:15:23 +0100
 Error Number: 1146
 Error: Table 'u232.xbt_files_users' doesn't exist
 IP Address: 5.81.45.1
 in file /var/www/html/include/cleanup/karma_update.php on line 33
 URL:/auto_shout_scroll_get.php
 Username: iseeyoucopy[1]
===================================================
 Date: Thu, 16 Apr 2020 17:46:55 +0100
 Error Number: 1146
 Error: Table 'u232.xbt_files_users' doesn't exist
 IP Address: 5.81.45.1
 in file /var/www/html/include/cleanup/karma_update.php on line 33
 URL:/auto_shout_scroll_get.php
 Username: iseeyoucopy[1]
===================================================
 Date: Thu, 16 Apr 2020 18:17:01 +0100
 Error Number: 1146
 Error: Table 'u232.xbt_files_users' doesn't exist
 IP Address: 5.81.45.1
 in file /var/www/html/include/cleanup/karma_update.php on line 33
 URL:/auto_shout_scroll_get.php
 Username: iseeyoucopy[1]
===================================================
 Date: Thu, 16 Apr 2020 18:47:25 +0100
 Error Number: 1146
 Error: Table 'u232.xbt_files_users' doesn't exist
 IP Address: 5.81.45.1
 in file /var/www/html/include/cleanup/karma_update.php on line 33
 URL:/auto_shout_scroll_get.php
 Username: iseeyoucopy[1]
===================================================
 Date: Thu, 16 Apr 2020 19:06:03 +0100
 Error Number: 1146
 Error: Table 'u232.xbt_files_users' doesn't exist
 IP Address: 5.81.45.1
 in file /var/www/html/include/cleanup/inactive_update.php on line 32
 URL:/auto_shout_scroll_get.php
 Username: []
===================================================
 Date: Thu, 16 Apr 2020 19:27:48 +0100
 Error Number: 1146
 Error: Table 'u232.xbt_files_users' doesn't exist
 IP Address: 45.22.64.111
 in file /var/www/html/include/cleanup/karma_update.php on line 33
 URL:/auto_shout_scroll_get.php
 Username: darkalchemy [15]
===================================================
 Date: Thu, 16 Apr 2020 19:57:52 +0100
 Error Number: 1146
 Error: Table 'u232.xbt_files_users' doesn't exist
 IP Address: 5.81.45.1
 in file /var/www/html/include/cleanup/karma_update.php on line 33
 URL:/auto_shout_scroll_get.php
 Username: iseeyoucopy[1]
===================================================
 Date: Thu, 16 Apr 2020 20:29:37 +0100
 Error Number: 1146
 Error: Table 'u232.xbt_files_users' doesn't exist
 IP Address: 45.22.64.111
 in file /var/www/html/include/cleanup/karma_update.php on line 33
 URL:/auto_shout_scroll_get.php
 Username: darkalchemy [15]
===================================================
 Date: Thu, 16 Apr 2020 21:02:13 +0100
 Error Number: 1146
 Error: Table 'u232.xbt_files_users' doesn't exist
 IP Address: 45.22.64.111
 in file /var/www/html/include/cleanup/karma_update.php on line 33
 URL:/auto_shout_scroll_get.php
 Username: darkalchemy [15]
===================================================
 Date: Thu, 16 Apr 2020 23:51:12 +0100
 Error Number: 1146
 Error: Table 'u232.xbt_files_users' doesn't exist
 IP Address: 5.81.45.1
 in file /var/www/html/include/cleanup/karma_update.php on line 33
 URL:/
 Username: []
===================================================
 Date: Thu, 30 Apr 2020 00:28:25 +0100
 Error Number: 1364
 Error: Field 'added' doesn't have a default value
 IP Address: 86.132.251.175
 in file /var/www/html1/include/cleanup/irc_update.php on line 50
 URL:/auto_shout_scroll_get.php
 Username: iseeyoucopy[1]
===================================================
 Date: Thu, 30 Apr 2020 00:32:09 +0100
 Error Number: 1054
 Error: Unknown column 'x.up_rate' in 'field list'
 IP Address: 86.132.251.175
 in file /var/www/html1/peerlist_xbt.php on line 88
 URL:/peerlist_xbt.php?id=2
 Username: iseeyoucopy[1]
===================================================
 Date: Thu, 30 Apr 2020 00:33:43 +0100
 Error Number: 1054
 Error: Unknown column 'x.up_rate' in 'field list'
 IP Address: 86.132.251.175
 in file /var/www/html1/peerlist_xbt.php on line 88
 URL:/peerlist_xbt.php?id=2
 Username: iseeyoucopy[1]
===================================================
 Date: Thu, 30 Apr 2020 00:33:44 +0100
 Error Number: 1054
 Error: Unknown column 'x.up_rate' in 'field list'
 IP Address: 86.132.251.175
 in file /var/www/html1/peerlist_xbt.php on line 88
 URL:/peerlist_xbt.php?id=2
 Username: iseeyoucopy[1]
===================================================
 Date: Thu, 30 Apr 2020 00:33:49 +0100
 Error Number: 1054
 Error: Unknown column 'x.up_rate' in 'field list'
 IP Address: 86.132.251.175
 in file /var/www/html1/peerlist_xbt.php on line 88
 URL:/peerlist_xbt.php?id=2
 Username: iseeyoucopy[1]
===================================================
 Date: Thu, 30 Apr 2020 00:33:50 +0100
 Error Number: 1054
 Error: Unknown column 'x.up_rate' in 'field list'
 IP Address: 86.132.251.175
 in file /var/www/html1/peerlist_xbt.php on line 88
 URL:/peerlist_xbt.php?id=2
 Username: iseeyoucopy[1]
===================================================
 Date: Thu, 30 Apr 2020 00:58:33 +0100
 Error Number: 1364
 Error: Field 'added' doesn't have a default value
 IP Address: 86.132.251.175
 in file /var/www/html1/include/cleanup/irc_update.php on line 50
 URL:/auto_shout_scroll_get.php
 Username: iseeyoucopy[1]
===================================================
 Date: Thu, 30 Apr 2020 01:29:28 +0100
 Error Number: 1364
 Error: Field 'added' doesn't have a default value
 IP Address: 188.126.73.75
 in file /var/www/html1/include/cleanup/irc_update.php on line 50
 URL:/
 Username: []
===================================================
 Date: Thu, 30 Apr 2020 02:00:49 +0100
 Error Number: 1364
 Error: Field 'added' doesn't have a default value
 IP Address: 73.79.231.46
 in file /var/www/html1/include/cleanup/irc_update.php on line 50
 URL:/auto_shout_scroll_get.php
 Username: antimidas[1823]
===================================================
 Date: Thu, 30 Apr 2020 03:02:17 +0100
 Error Number: 1364
 Error: Field 'added' doesn't have a default value
 IP Address: 5.188.84.230
 in file /var/www/html1/include/cleanup/irc_update.php on line 50
 URL:/index.php
 Username: []
===================================================
 Date: Thu, 30 Apr 2020 03:37:00 +0100
 Error Number: 1364
 Error: Field 'added' doesn't have a default value
 IP Address: 73.79.231.46
 in file /var/www/html1/include/cleanup/irc_update.php on line 50
 URL:/auto_shout_scroll_get.php
 Username: antimidas[1823]
===================================================
 Date: Thu, 30 Apr 2020 04:07:39 +0100
 Error Number: 1364
 Error: Field 'added' doesn't have a default value
 IP Address: 47.74.186.195
 in file /var/www/html1/include/cleanup/irc_update.php on line 50
 URL:/
 Username: []
===================================================
 Date: Thu, 30 Apr 2020 05:29:46 +0100
 Error Number: 1364
 Error: Field 'added' doesn't have a default value
 IP Address: 62.173.152.144
 in file /var/www/html1/include/cleanup/irc_update.php on line 50
 URL:/
 Username: []
===================================================
 Date: Thu, 30 Apr 2020 06:34:26 +0100
 Error Number: 1364
 Error: Field 'added' doesn't have a default value
 IP Address: 91.121.181.191
 in file /var/www/html1/include/cleanup/irc_update.php on line 50
 URL:/
 Username: []
===================================================
 Date: Thu, 30 Apr 2020 07:05:33 +0100
 Error Number: 1364
 Error: Field 'added' doesn't have a default value
 IP Address: 73.79.229.10
 in file /var/www/html1/include/cleanup/irc_update.php on line 50
 URL:/auto_shout_scroll_get.php
 Username: antimidas[1823]
===================================================
 Date: Thu, 30 Apr 2020 07:35:39 +0100
 Error Number: 1364
 Error: Field 'added' doesn't have a default value
 IP Address: 73.79.228.134
 in file /var/www/html1/include/cleanup/irc_update.php on line 50
 URL:/auto_shout_scroll_get.php
 Username: []
===================================================
 Date: Thu, 30 Apr 2020 09:04:39 +0100
 Error Number: 1364
 Error: Field 'added' doesn't have a default value
 IP Address: 145.255.1.19
 in file /var/www/html1/include/cleanup/irc_update.php on line 50
 URL:/
 Username: []
===================================================
 Date: Thu, 30 Apr 2020 09:55:36 +0100
 Error Number: 1364
 Error: Field 'added' doesn't have a default value
 IP Address: 83.97.20.21
 in file /var/www/html1/include/cleanup/irc_update.php on line 50
 URL:/
 Username: []
===================================================
 Date: Thu, 30 Apr 2020 11:16:36 +0100
 Error Number: 1364
 Error: Field 'added' doesn't have a default value
 IP Address: 89.46.103.172
 in file /var/www/html1/include/cleanup/irc_update.php on line 50
 URL:/index.php
 Username: iseeyoucopy[1]
===================================================
 Date: Thu, 30 Apr 2020 11:47:29 +0100
 Error Number: 1364
 Error: Field 'added' doesn't have a default value
 IP Address: 89.46.103.172
 in file /var/www/html1/include/cleanup/irc_update.php on line 50
 URL:/auto_shout_scroll_get.php
 Username: iseeyoucopy[1]
===================================================
 Date: Thu, 30 Apr 2020 12:41:52 +0100
 Error Number: 1364
 Error: Field 'added' doesn't have a default value
 IP Address: 89.46.103.172
 in file /var/www/html1/include/cleanup/irc_update.php on line 50
 URL:/auto_shout_scroll_get.php
 Username: iseeyoucopy[1]
===================================================
 Date: Thu, 30 Apr 2020 12:53:41 +0100
 Error Number: 1146
 Error: Table 'u232.xbt_files_users' doesn't exist
 IP Address: 86.132.251.175
 in file /var/www/html1/include/cleanup/inactive_update.php on line 32
 URL:/
 Username: []
===================================================
 Date: Thu, 30 Apr 2020 13:15:23 +0100
 Error Number: 1364
 Error: Field 'added' doesn't have a default value
 IP Address: 81.92.203.43
 in file /var/www/html1/include/cleanup/irc_update.php on line 50
 URL:/auto_shout_scroll_get.php
 Username: []
===================================================
 Date: Thu, 30 Apr 2020 14:00:15 +0100
 Error Number: 1364
 Error: Field 'added' doesn't have a default value
 IP Address: 78.87.84.204
 in file /var/www/html1/include/cleanup/irc_update.php on line 50
 URL:/index.php
 Username: stonebreath[850]
===================================================
 Date: Thu, 30 Apr 2020 14:44:20 +0100
 Error Number: 1364
 Error: Field 'added' doesn't have a default value
 IP Address: 62.173.154.183
 in file /var/www/html1/include/cleanup/irc_update.php on line 50
 URL:/
 Username: []
===================================================
 Date: Thu, 30 Apr 2020 15:20:18 +0100
 Error Number: 1364
 Error: Field 'added' doesn't have a default value
 IP Address: 73.79.229.52
 in file /var/www/html1/include/cleanup/irc_update.php on line 50
 URL:/auto_shout_scroll_get.php
 Username: antimidas[1823]
===================================================
 Date: Thu, 30 Apr 2020 21:21:32 +0100
 Error Number: 1364
 Error: Field 'added' doesn't have a default value
 IP Address: 86.136.75.246
 in file /var/www/html1/include/cleanup/irc_update.php on line 50
 URL:/auto_shout_scroll.php
 Username: iseeyoucopy[1]
===================================================
 Date: Thu, 30 Apr 2020 21:52:21 +0100
 Error Number: 1364
 Error: Field 'added' doesn't have a default value
 IP Address: 86.136.75.246
 in file /var/www/html1/include/cleanup/irc_update.php on line 50
 URL:/auto_shout_scroll_get.php
 Username: iseeyoucopy[1]
===================================================
 Date: Thu, 30 Apr 2020 22:23:46 +0100
 Error Number: 1364
 Error: Field 'added' doesn't have a default value
 IP Address: 86.136.75.246
 in file /var/www/html1/include/cleanup/irc_update.php on line 50
 URL:/auto_shout_scroll_get.php
 Username: iseeyoucopy[1]
===================================================
 Date: Thu, 30 Apr 2020 22:55:17 +0100
 Error Number: 1364
 Error: Field 'added' doesn't have a default value
 IP Address: 86.136.75.246
 in file /var/www/html1/include/cleanup/irc_update.php on line 50
 URL:/auto_shout_scroll_get.php
 Username: iseeyoucopy[1]
===================================================
 Date: Thu, 30 Apr 2020 23:27:44 +0100
 Error Number: 1364
 Error: Field 'added' doesn't have a default value
 IP Address: 86.136.75.246
 in file /var/www/html1/include/cleanup/irc_update.php on line 50
 URL:/auto_shout_scroll_get.php
 Username: iseeyoucopy[1]
===================================================
 Date: Thu, 30 Apr 2020 23:57:44 +0100
 Error Number: 1364
 Error: Field 'added' doesn't have a default value
 IP Address: 86.136.75.246
 in file /var/www/html1/include/cleanup/irc_update.php on line 50
 URL:/auto_shout_scroll_get.php
 Username: iseeyoucopy[1]